[debug] [2024-03-21T15:57:29.766Z] ----------------------------------------------------------------------
[debug] [2024-03-21T15:57:29.769Z] Command:       C:\Program Files\nodejs\node.exe C:\Users\Hetvi\AppData\Roaming\npm\node_modules\firebase-tools\lib\bin\firebase.js init
[debug] [2024-03-21T15:57:29.769Z] CLI Version:   13.5.2
[debug] [2024-03-21T15:57:29.769Z] Platform:      win32
[debug] [2024-03-21T15:57:29.770Z] Node Version:  v18.17.0
[debug] [2024-03-21T15:57:29.770Z] Time:          Thu Mar 21 2024 21:27:29 GMT+0530 (India Standard Time)
[debug] [2024-03-21T15:57:29.771Z] ----------------------------------------------------------------------
[debug] 
[debug] [2024-03-21T15:57:29.777Z] > command requires scopes: ["email","openid","https://www.googleapis.com/auth/cloudplatformprojects.readonly","https://www.googleapis.com/auth/firebase","https://www.googleapis.com/auth/cloud-platform"]
[debug] [2024-03-21T15:57:29.777Z] > authorizing via signed-in user (jaydipmakwana1510@gmail.com)
[info] 
     ######## #### ########  ######## ########     ###     ######  ########
     ##        ##  ##     ## ##       ##     ##  ##   ##  ##       ##
     ######    ##  ########  ######   ########  #########  ######  ######
     ##        ##  ##    ##  ##       ##     ## ##     ##       ## ##
     ##       #### ##     ## ######## ########  ##     ##  ######  ########

You're about to initialize a Firebase project in this directory:

  F:\Jaydeep Work\React_js\React_JS\finalproject_reactjs

[info] 
=== Project Setup
[info] 
[info] First, let's associate this project directory with a Firebase project.
[info] You can create multiple project aliases by running firebase use --add, 
[info] but for now we'll just set up a default project.
[info] 
[debug] [2024-03-21T15:57:41.451Z] >>> [apiv2][query] GET https://firebase.googleapis.com/v1beta1/projects pageSize=100
[debug] [2024-03-21T15:57:42.978Z] <<< [apiv2][status] GET https://firebase.googleapis.com/v1beta1/projects 200
[debug] [2024-03-21T15:57:42.978Z] <<< [apiv2][body] GET https://firebase.googleapis.com/v1beta1/projects [omitted]
[info] i  Using project reactfinalproject-d531a (reactfinalproject) 
[info] 
=== Hosting Setup
[debug] [2024-03-21T15:57:47.547Z] >>> [apiv2][query] GET https://firebase.googleapis.com/v1beta1/projects/reactfinalproject-d531a [none]
[debug] [2024-03-21T15:57:48.307Z] <<< [apiv2][status] GET https://firebase.googleapis.com/v1beta1/projects/reactfinalproject-d531a 200
[debug] [2024-03-21T15:57:48.308Z] <<< [apiv2][body] GET https://firebase.googleapis.com/v1beta1/projects/reactfinalproject-d531a {"projectId":"reactfinalproject-d531a","projectNumber":"1046157678729","displayName":"reactfinalproject","name":"projects/reactfinalproject-d531a","resources":{"hostingSite":"reactfinalproject-d531a"},"state":"ACTIVE","etag":"1_bb299678-4307-42b7-b2d9-4a1041b71a62"}
[info] 
[info] Your public directory is the folder (relative to your project directory) that
[info] will contain Hosting assets to be uploaded with firebase deploy. If you
[info] have a build process for your assets, use your build's output directory.
[info] 
[debug] [2024-03-21T15:58:05.585Z] >>> [apiv2][query] GET https://www.gstatic.com/firebasejs/releases.json [none]
[debug] [2024-03-21T15:58:05.914Z] <<< [apiv2][status] GET https://www.gstatic.com/firebasejs/releases.json 200
[debug] [2024-03-21T15:58:05.915Z] <<< [apiv2][body] GET https://www.gstatic.com/firebasejs/releases.json {"current":{"version":"10.9.0","browserURL":"https://www.gstatic.com/firebasejs/10.9.0/firebase.js","packageURL":"https://www.gstatic.com/firebasejs/10.9.0/firebase.tgz"},"live":{"version":"10.9","browserURL":"https://www.gstatic.com/firebasejs/live/10.9/firebase.js","packageURL":"https://www.gstatic.com/firebasejs/live/10.9/firebase.tgz"},"components":{"analytics":"https://www.gstatic.com/firebasejs/10.9.0/firebase-analytics.js","app":"https://www.gstatic.com/firebasejs/10.9.0/firebase-app.js","app-check":"https://www.gstatic.com/firebasejs/10.9.0/firebase-app-check.js","auth":"https://www.gstatic.com/firebasejs/10.9.0/firebase-auth.js","auth/cordova":"https://www.gstatic.com/firebasejs/10.9.0/firebase-auth/cordova.js","auth/web-extension":"https://www.gstatic.com/firebasejs/10.9.0/firebase-auth/web-extension.js","functions":"https://www.gstatic.com/firebasejs/10.9.0/firebase-functions.js","firestore":"https://www.gstatic.com/firebasejs/10.9.0/firebase-firestore.js","firestore/lite":"https://www.gstatic.com/firebasejs/10.9.0/firebase-firestore/lite.js","installations":"https://www.gstatic.com/firebasejs/10.9.0/firebase-installations.js","storage":"https://www.gstatic.com/firebasejs/10.9.0/firebase-storage.js","performance":"https://www.gstatic.com/firebasejs/10.9.0/firebase-performance.js","remote-config":"https://www.gstatic.com/firebasejs/10.9.0/firebase-remote-config.js","messaging":"https://www.gstatic.com/firebasejs/10.9.0/firebase-messaging.js","messaging/sw":"https://www.gstatic.com/firebasejs/10.9.0/firebase-messaging/sw.js","database":"https://www.gstatic.com/firebasejs/10.9.0/firebase-database.js","firestore.memory":"https://www.gstatic.com/firebasejs/10.9.0/firebase-firestore.memory.js"}}
[info] i  Skipping write of public/index.html 
[info] 
[info] i  Detected a .git folder at F:\Jaydeep Work\React_js\React_JS 
[info] i  Authorizing with GitHub to upload your service account to a GitHub repository's secrets store. 
[info] 
[info] Visit this URL on this device to log in:
[info] https://github.com/login/oauth/authorize?client_id=89cf50f02ac6aaed3484&state=417909952&redirect_uri=http%3A%2F%2Flocalhost%3A9005&scope=read%3Auser%20repo%20public_repo
[info] 
[info] Waiting for authentication...
[debug] [2024-03-21T15:58:13.259Z] >>> [apiv2][query] POST https://github.com/login/oauth/access_token [none]
[debug] [2024-03-21T15:58:13.259Z] >>> [apiv2][body] POST https://github.com/login/oauth/access_token [stream]
[debug] [2024-03-21T15:58:13.862Z] <<< [apiv2][status] POST https://github.com/login/oauth/access_token 200
[debug] [2024-03-21T15:58:13.862Z] <<< [apiv2][body] POST https://github.com/login/oauth/access_token {"access_token":"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","token_type":"bearer","scope":"read:user,repo"}
[debug] [2024-03-21T15:58:13.881Z] >>> [apiv2][query] GET https://api.github.com/user [none]
[debug] [2024-03-21T15:58:14.582Z] <<< [apiv2][status] GET https://api.github.com/user 200
[debug] [2024-03-21T15:58:14.582Z] <<< [apiv2][body] GET https://api.github.com/user {"login":"Jaydip1510","id":122079821,"node_id":"U_kgDOB0bKTQ","avatar_url":"https://avatars.githubusercontent.com/u/122079821?v=4","gravatar_id":"","url":"https://api.github.com/users/Jaydip1510","html_url":"https://github.com/Jaydip1510","followers_url":"https://api.github.com/users/Jaydip1510/followers","following_url":"https://api.github.com/users/Jaydip1510/following{/other_user}","gists_url":"https://api.github.com/users/Jaydip1510/gists{/gist_id}","starred_url":"https://api.github.com/users/Jaydip1510/starred{/owner}{/repo}","subscriptions_url":"https://api.github.com/users/Jaydip1510/subscriptions","organizations_url":"https://api.github.com/users/Jaydip1510/orgs","repos_url":"https://api.github.com/users/Jaydip1510/repos","events_url":"https://api.github.com/users/Jaydip1510/events{/privacy}","received_events_url":"https://api.github.com/users/Jaydip1510/received_events","type":"User","site_admin":false,"name":null,"company":null,"blog":"","location":null,"email":null,"hireable":null,"bio":null,"twitter_username":null,"public_repos":21,"public_gists":0,"followers":8,"following":15,"created_at":"2023-01-06T06:48:18Z","updated_at":"2024-03-21T08:19:02Z","private_gists":0,"total_private_repos":5,"owned_private_repos":5,"disk_usage":614204,"collaborators":0,"two_factor_authentication":false,"plan":{"name":"free","space":976562499,"collaborators":0,"private_repos":10000}}
[info] 
[info] +  Success! Logged into GitHub as Jaydip1510 
[info] 
